<?xml version="1.0" encoding="UTF-8"?>
<!-- Generated by org.testng.reporters.JUnitXMLReporter -->
<testsuite hostname="lenovo-PC" ignored="0" name="Default test" tests="4" failures="0" timestamp="22 Sep 2018 14:35:06 GMT" time="84.146" errors="0">
  <testcase name="VerifyPageTitleTest" time="0.318" classname="com.crm.qa.testcases.LoginPageTest"/>
  <testcase name="verifyLoginTest" time="12.291" classname="com.crm.qa.testcases.LoginPageTest"/>
  <testcase name="verifySignUpLink" time="6.442" classname="com.crm.qa.testcases.LoginPageTest"/>
  <testcase name="PricingLink" time="5.893" classname="com.crm.qa.testcases.LoginPageTest"/>
</testsuite> <!-- Default test -->
