<?xml version="1.0" encoding="UTF-8"?>
<!-- Generated by org.testng.reporters.JUnitXMLReporter -->
<testsuite hostname="lenovo-PC" ignored="0" name="Test" tests="13" failures="0" timestamp="22 Sep 2018 21:08:23 GMT" time="405.192" errors="0">
  <testcase name="verifyNewContact" time="22.93" classname="com.crm.qa.testcases.ContactsPageTest"/>
  <testcase name="verifyNewContact" time="19.695" classname="com.crm.qa.testcases.ContactsPageTest"/>
  <testcase name="verifyNewContact" time="20.015" classname="com.crm.qa.testcases.ContactsPageTest"/>
  <testcase name="verifyNewContact" time="19.361" classname="com.crm.qa.testcases.ContactsPageTest"/>
  <testcase name="verifyNewContact" time="16.542" classname="com.crm.qa.testcases.ContactsPageTest"/>
  <testcase name="verifyCreateDeal" time="20.59" classname="com.crm.qa.testcases.DealsPageTest"/>
  <testcase name="verifyCreateDeal" time="18.937" classname="com.crm.qa.testcases.DealsPageTest"/>
  <testcase name="verifyCreateDeal" time="20.318" classname="com.crm.qa.testcases.DealsPageTest"/>
  <testcase name="verifyCreateDeal" time="21.885" classname="com.crm.qa.testcases.DealsPageTest"/>
  <testcase name="VerifyPageTitleTest" time="0.346" classname="com.crm.qa.testcases.LoginPageTest"/>
  <testcase name="verifyLoginTest" time="14.326" classname="com.crm.qa.testcases.LoginPageTest"/>
  <testcase name="verifySignUpLink" time="6.451" classname="com.crm.qa.testcases.LoginPageTest"/>
  <testcase name="PricingLink" time="5.134" classname="com.crm.qa.testcases.LoginPageTest"/>
</testsuite> <!-- Test -->
